#
# There is insufficient memory for the Java Runtime Environment to continue.
# Native memory allocation (malloc) failed to allocate 826688 bytes for Chunk::new
# Possible reasons:
#   The system is out of physical RAM or swap space
#   The process is running with CompressedOops enabled, and the Java Heap may be blocking the growth of the native heap
# Possible solutions:
#   Reduce memory load on the system
#   Increase physical memory or swap space
#   Check if swap backing store is full
#   Decrease Java heap size (-Xmx/-Xms)
#   Decrease number of Java threads
#   Decrease Java thread stack sizes (-Xss)
#   Set larger code cache with -XX:ReservedCodeCacheSize=
#   JVM is running with Unscaled Compressed Oops mode in which the Java heap is
#     placed in the first 4GB address space. The Java Heap base address is the
#     maximum limit for the native heap growth. Please use -XX:HeapBaseMinAddress
#     to set the Java Heap base and to place the Java Heap above 4GB virtual address.
# This output file may be truncated or incomplete.
#
#  Out of Memory Error (arena.cpp:189), pid=28924, tid=1768
#
# JRE version: Java(TM) SE Runtime Environment (17.0.2+8) (build 17.0.2+8-LTS-86)
# Java VM: Java HotSpot(TM) 64-Bit Server VM (17.0.2+8-LTS-86, mixed mode, sharing, tiered, compressed oops, compressed class ptrs, g1 gc, windows-amd64)
# No core dump will be written. Minidumps are not enabled by default on client versions of Windows
#

---------------  S U M M A R Y ------------

Command Line: -ea -DnodeNamesHandler=org.jetbrains.plugins.cucumber.java.run.CucumberTestTreeNodeManager -Didea.test.cyclic.buffer.size=1048576 -javaagent:C:\Program Files\JetBrains\IntelliJ IDEA Community Edition 2021.3.2\lib\idea_rt.jar=55471:C:\Program Files\JetBrains\IntelliJ IDEA Community Edition 2021.3.2\bin -Dfile.encoding=UTF-8 com.intellij.rt.junit.JUnitStarter -ideVersion5 -junit4 StepDefs.TestRunner

Host: 11th Gen Intel(R) Core(TM) i5-1135G7 @ 2.40GHz, 8 cores, 7G,  Windows 11 , 64 bit Build 22621 (10.0.22621.3958)
Time: Fri Oct  4 12:53:34 2024 GMT Summer Time elapsed time: 2.588182 seconds (0d 0h 0m 2s)

---------------  T H R E A D  ---------------

Current thread (0x0000020b44572a70):  JavaThread "C2 CompilerThread0" daemon [_thread_in_native, id=1768, stack(0x00000018b1b00000,0x00000018b1c00000)]


Current CompileTask:
C2:   2588 1900       4       jdk.internal.loader.URLClassPath::getResource (74 bytes)

Stack: [0x00000018b1b00000,0x00000018b1c00000]
Native frames: (J=compiled Java code, j=interpreted, Vv=VM code, C=native code)
V  [jvm.dll+0x670baa]
V  [jvm.dll+0x7cfcb4]
V  [jvm.dll+0x7d145e]
V  [jvm.dll+0x7d1ac3]
V  [jvm.dll+0x242bc5]
V  [jvm.dll+0xaa57b]
V  [jvm.dll+0xaab0c]
V  [jvm.dll+0x35fd07]
V  [jvm.dll+0x32a331]
V  [jvm.dll+0x3297da]
V  [jvm.dll+0x215c91]
V  [jvm.dll+0x2150b1]
V  [jvm.dll+0x1a1bbd]
V  [jvm.dll+0x224908]
V  [jvm.dll+0x222a6c]
V  [jvm.dll+0x7859bb]
V  [jvm.dll+0x77ff7a]
V  [jvm.dll+0x66fa35]
C  [ucrtbase.dll+0x29333]
C  [KERNEL32.DLL+0x1257d]
C  [ntdll.dll+0x5af28]


---------------  P R O C E S S  ---------------

Threads class SMR info:
_java_thread_list=0x0000020b4642a620, length=14, elements={
0x0000020b2667ee20, 0x0000020b44554510, 0x0000020b44556ed0, 0x0000020b44569660,
0x0000020b4456b330, 0x0000020b4456dc00, 0x0000020b4456e4c0, 0x0000020b44572a70,
0x0000020b44573420, 0x0000020b4457fd40, 0x0000020b450678f0, 0x0000020b45211c10,
0x0000020b45232550, 0x0000020b461b6030
}

Java Threads: ( => current thread )
  0x0000020b2667ee20 JavaThread "main" [_thread_in_vm, id=13172, stack(0x00000018b0e00000,0x00000018b0f00000)]
  0x0000020b44554510 JavaThread "Reference Handler" daemon [_thread_blocked, id=27100, stack(0x00000018b1500000,0x00000018b1600000)]
  0x0000020b44556ed0 JavaThread "Finalizer" daemon [_thread_blocked, id=1684, stack(0x00000018b1600000,0x00000018b1700000)]
  0x0000020b44569660 JavaThread "Signal Dispatcher" daemon [_thread_blocked, id=2460, stack(0x00000018b1700000,0x00000018b1800000)]
  0x0000020b4456b330 JavaThread "Attach Listener" daemon [_thread_blocked, id=23548, stack(0x00000018b1800000,0x00000018b1900000)]
  0x0000020b4456dc00 JavaThread "Service Thread" daemon [_thread_blocked, id=19888, stack(0x00000018b1900000,0x00000018b1a00000)]
  0x0000020b4456e4c0 JavaThread "Monitor Deflation Thread" daemon [_thread_blocked, id=23156, stack(0x00000018b1a00000,0x00000018b1b00000)]
=>0x0000020b44572a70 JavaThread "C2 CompilerThread0" daemon [_thread_in_native, id=1768, stack(0x00000018b1b00000,0x00000018b1c00000)]
  0x0000020b44573420 JavaThread "C1 CompilerThread0" daemon [_thread_blocked, id=28700, stack(0x00000018b1c00000,0x00000018b1d00000)]
  0x0000020b4457fd40 JavaThread "Sweeper thread" daemon [_thread_blocked, id=26436, stack(0x00000018b1d00000,0x00000018b1e00000)]
  0x0000020b450678f0 JavaThread "Common-Cleaner" daemon [_thread_blocked, id=7852, stack(0x00000018b1e00000,0x00000018b1f00000)]
  0x0000020b45211c10 JavaThread "Monitor Ctrl-Break" daemon [_thread_in_native, id=20804, stack(0x00000018b1f00000,0x00000018b2000000)]
  0x0000020b45232550 JavaThread "Notification Thread" daemon [_thread_blocked, id=16728, stack(0x00000018b2000000,0x00000018b2100000)]
  0x0000020b461b6030 JavaThread "C2 CompilerThread1" daemon [_thread_blocked, id=3256, stack(0x00000018b2200000,0x00000018b2300000)]

Other Threads:
  0x0000020b44550b80 VMThread "VM Thread" [stack: 0x00000018b1400000,0x00000018b1500000] [id=23184]
  0x0000020b45212880 WatcherThread [stack: 0x00000018b2100000,0x00000018b2200000] [id=22268]
  0x0000020b266b92e0 GCTaskThread "GC Thread#0" [stack: 0x00000018b0f00000,0x00000018b1000000] [id=26396]
  0x0000020b460491c0 GCTaskThread "GC Thread#1" [stack: 0x00000018b2300000,0x00000018b2400000] [id=23456]
  0x0000020b46048c60 GCTaskThread "GC Thread#2" [stack: 0x00000018b2400000,0x00000018b2500000] [id=14468]
  0x0000020b46049470 GCTaskThread "GC Thread#3" [stack: 0x00000018b2500000,0x00000018b2600000] [id=22020]
  0x0000020b46049c80 GCTaskThread "GC Thread#4" [stack: 0x00000018b2600000,0x00000018b2700000] [id=25532]
  0x0000020b46049f30 GCTaskThread "GC Thread#5" [stack: 0x00000018b2700000,0x00000018b2800000] [id=20556]
  0x0000020b46049720 GCTaskThread "GC Thread#6" [stack: 0x00000018b2800000,0x00000018b2900000] [id=29548]
  0x0000020b460499d0 GCTaskThread "GC Thread#7" [stack: 0x00000018b2900000,0x00000018b2a00000] [id=28500]
  0x0000020b266c96f0 ConcurrentGCThread "G1 Main Marker" [stack: 0x00000018b1000000,0x00000018b1100000] [id=19536]
  0x0000020b266ccf40 ConcurrentGCThread "G1 Conc#0" [stack: 0x00000018b1100000,0x00000018b1200000] [id=3252]
  0x0000020b2672d720 ConcurrentGCThread "G1 Refine#0" [stack: 0x00000018b1200000,0x00000018b1300000] [id=12188]
  0x0000020b2672e040 ConcurrentGCThread "G1 Service" [stack: 0x00000018b1300000,0x00000018b1400000] [id=17000]

Threads with active compile tasks:
C2 CompilerThread0     2636 1900       4       jdk.internal.loader.URLClassPath::getResource (74 bytes)

VM state: not at safepoint (normal execution)

VM Mutex/Monitor currently owned by a thread: None

Heap address: 0x0000000084a00000, size: 1974 MB, Compressed Oops mode: 32-bit

CDS archive(s) mapped at: [0x0000000800000000-0x0000000800bc0000-0x0000000800bc0000), size 12320768, SharedBaseAddress: 0x0000000800000000, ArchiveRelocationMode: 0.
Compressed class space mapped at: 0x0000000800c00000-0x0000000840c00000, reserved size: 1073741824
Narrow klass base: 0x0000000800000000, Narrow klass shift: 0, Narrow klass range: 0x100000000

GC Precious Log:
 CPUs: 8 total, 8 available
 Memory: 7888M
 Large Page Support: Disabled
 NUMA Support: Disabled
 Compressed Oops: Enabled (32-bit)
 Heap Region Size: 1M
 Heap Min Capacity: 8M
 Heap Initial Capacity: 124M
 Heap Max Capacity: 1974M
 Pre-touch: Disabled
 Parallel Workers: 8
 Concurrent Workers: 2
 Concurrent Refinement Workers: 8
 Periodic GC: Disabled

Heap:
 garbage-first heap   total 126976K, used 20831K [0x0000000084a00000, 0x0000000100000000)
  region size 1024K, 12 young (12288K), 2 survivors (2048K)
 Metaspace       used 12949K, committed 13248K, reserved 1064960K
  class space    used 1528K, committed 1664K, reserved 1048576K

Heap Regions: E=young(eden), S=young(survivor), O=old, HS=humongous(starts), HC=humongous(continues), CS=collection set, F=free, OA=open archive, CA=closed archive, TAMS=top-at-mark-start (previous, next)
|   0|0x0000000084a00000, 0x0000000084b00000, 0x0000000084b00000|100%|HS|  |TAMS 0x0000000084a00000, 0x0000000084a00000| Complete 
|   1|0x0000000084b00000, 0x0000000084c00000, 0x0000000084c00000|100%| O|  |TAMS 0x0000000084b00000, 0x0000000084b00000| Untracked 
|   2|0x0000000084c00000, 0x0000000084d00000, 0x0000000084d00000|100%| O|  |TAMS 0x0000000084c00000, 0x0000000084c00000| Untracked 
|   3|0x0000000084d00000, 0x0000000084e00000, 0x0000000084e00000|100%| O|  |TAMS 0x0000000084d00000, 0x0000000084d00000| Untracked 
|   4|0x0000000084e00000, 0x0000000084f00000, 0x0000000084f00000|100%| O|  |TAMS 0x0000000084e00000, 0x0000000084e00000| Untracked 
|   5|0x0000000084f00000, 0x0000000085000000, 0x0000000085000000|100%| O|  |TAMS 0x0000000084f00000, 0x0000000084f00000| Untracked 
|   6|0x0000000085000000, 0x0000000085100000, 0x0000000085100000|100%| O|  |TAMS 0x0000000085000000, 0x0000000085000000| Untracked 
|   7|0x0000000085100000, 0x0000000085200000, 0x0000000085200000|100%| O|  |TAMS 0x0000000085100000, 0x0000000085100000| Untracked 
|   8|0x0000000085200000, 0x0000000085300000, 0x0000000085300000|100%| O|  |TAMS 0x0000000085200000, 0x0000000085200000| Untracked 
|   9|0x0000000085300000, 0x0000000085390000, 0x0000000085400000| 56%| O|  |TAMS 0x0000000085300000, 0x0000000085300000| Untracked 
|  10|0x0000000085400000, 0x0000000085400000, 0x0000000085500000|  0%| F|  |TAMS 0x0000000085400000, 0x0000000085400000| Untracked 
|  11|0x0000000085500000, 0x0000000085500000, 0x0000000085600000|  0%| F|  |TAMS 0x0000000085500000, 0x0000000085500000| Untracked 
|  12|0x0000000085600000, 0x0000000085600000, 0x0000000085700000|  0%| F|  |TAMS 0x0000000085600000, 0x0000000085600000| Untracked 
|  13|0x0000000085700000, 0x0000000085700000, 0x0000000085800000|  0%| F|  |TAMS 0x0000000085700000, 0x0000000085700000| Untracked 
|  14|0x0000000085800000, 0x0000000085800000, 0x0000000085900000|  0%| F|  |TAMS 0x0000000085800000, 0x0000000085800000| Untracked 
|  15|0x0000000085900000, 0x0000000085900000, 0x0000000085a00000|  0%| F|  |TAMS 0x0000000085900000, 0x0000000085900000| Untracked 
|  16|0x0000000085a00000, 0x0000000085a00000, 0x0000000085b00000|  0%| F|  |TAMS 0x0000000085a00000, 0x0000000085a00000| Untracked 
|  17|0x0000000085b00000, 0x0000000085b00000, 0x0000000085c00000|  0%| F|  |TAMS 0x0000000085b00000, 0x0000000085b00000| Untracked 
|  18|0x0000000085c00000, 0x0000000085c00000, 0x0000000085d00000|  0%| F|  |TAMS 0x0000000085c00000, 0x0000000085c00000| Untracked 
|  19|0x0000000085d00000, 0x0000000085d00000, 0x0000000085e00000|  0%| F|  |TAMS 0x0000000085d00000, 0x0000000085d00000| Untracked 
|  20|0x0000000085e00000, 0x0000000085e00000, 0x0000000085f00000|  0%| F|  |TAMS 0x0000000085e00000, 0x0000000085e00000| Untracked 
|  21|0x0000000085f00000, 0x0000000085f00000, 0x0000000086000000|  0%| F|  |TAMS 0x0000000085f00000, 0x0000000085f00000| Untracked 
|  22|0x0000000086000000, 0x0000000086000000, 0x0000000086100000|  0%| F|  |TAMS 0x0000000086000000, 0x0000000086000000| Untracked 
|  23|0x0000000086100000, 0x0000000086100000, 0x0000000086200000|  0%| F|  |TAMS 0x0000000086100000, 0x0000000086100000| Untracked 
|  24|0x0000000086200000, 0x0000000086200000, 0x0000000086300000|  0%| F|  |TAMS 0x0000000086200000, 0x0000000086200000| Untracked 
|  25|0x0000000086300000, 0x0000000086300000, 0x0000000086400000|  0%| F|  |TAMS 0x0000000086300000, 0x0000000086300000| Untracked 
|  26|0x0000000086400000, 0x0000000086400000, 0x0000000086500000|  0%| F|  |TAMS 0x0000000086400000, 0x0000000086400000| Untracked 
|  27|0x0000000086500000, 0x0000000086500000, 0x0000000086600000|  0%| F|  |TAMS 0x0000000086500000, 0x0000000086500000| Untracked 
|  28|0x0000000086600000, 0x0000000086600000, 0x0000000086700000|  0%| F|  |TAMS 0x0000000086600000, 0x0000000086600000| Untracked 
|  29|0x0000000086700000, 0x0000000086700000, 0x0000000086800000|  0%| F|  |TAMS 0x0000000086700000, 0x0000000086700000| Untracked 
|  30|0x0000000086800000, 0x0000000086800000, 0x0000000086900000|  0%| F|  |TAMS 0x0000000086800000, 0x0000000086800000| Untracked 
|  31|0x0000000086900000, 0x0000000086900000, 0x0000000086a00000|  0%| F|  |TAMS 0x0000000086900000, 0x0000000086900000| Untracked 
|  32|0x0000000086a00000, 0x0000000086a00000, 0x0000000086b00000|  0%| F|  |TAMS 0x0000000086a00000, 0x0000000086a00000| Untracked 
|  33|0x0000000086b00000, 0x0000000086b00000, 0x0000000086c00000|  0%| F|  |TAMS 0x0000000086b00000, 0x0000000086b00000| Untracked 
|  34|0x0000000086c00000, 0x0000000086c00000, 0x0000000086d00000|  0%| F|  |TAMS 0x0000000086c00000, 0x0000000086c00000| Untracked 
|  35|0x0000000086d00000, 0x0000000086d00000, 0x0000000086e00000|  0%| F|  |TAMS 0x0000000086d00000, 0x0000000086d00000| Untracked 
|  36|0x0000000086e00000, 0x0000000086e00000, 0x0000000086f00000|  0%| F|  |TAMS 0x0000000086e00000, 0x0000000086e00000| Untracked 
|  37|0x0000000086f00000, 0x0000000086f00000, 0x0000000087000000|  0%| F|  |TAMS 0x0000000086f00000, 0x0000000086f00000| Untracked 
|  38|0x0000000087000000, 0x0000000087000000, 0x0000000087100000|  0%| F|  |TAMS 0x0000000087000000, 0x0000000087000000| Untracked 
|  39|0x0000000087100000, 0x0000000087100000, 0x0000000087200000|  0%| F|  |TAMS 0x0000000087100000, 0x0000000087100000| Untracked 
|  40|0x0000000087200000, 0x0000000087200000, 0x0000000087300000|  0%| F|  |TAMS 0x0000000087200000, 0x0000000087200000| Untracked 
|  41|0x0000000087300000, 0x0000000087300000, 0x0000000087400000|  0%| F|  |TAMS 0x0000000087300000, 0x0000000087300000| Untracked 
|  42|0x0000000087400000, 0x0000000087400000, 0x0000000087500000|  0%| F|  |TAMS 0x0000000087400000, 0x0000000087400000| Untracked 
|  43|0x0000000087500000, 0x0000000087500000, 0x0000000087600000|  0%| F|  |TAMS 0x0000000087500000, 0x0000000087500000| Untracked 
|  44|0x0000000087600000, 0x0000000087600000, 0x0000000087700000|  0%| F|  |TAMS 0x0000000087600000, 0x0000000087600000| Untracked 
|  45|0x0000000087700000, 0x0000000087700000, 0x0000000087800000|  0%| F|  |TAMS 0x0000000087700000, 0x0000000087700000| Untracked 
|  46|0x0000000087800000, 0x0000000087800000, 0x0000000087900000|  0%| F|  |TAMS 0x0000000087800000, 0x0000000087800000| Untracked 
|  47|0x0000000087900000, 0x0000000087900000, 0x0000000087a00000|  0%| F|  |TAMS 0x0000000087900000, 0x0000000087900000| Untracked 
|  48|0x0000000087a00000, 0x0000000087a00000, 0x0000000087b00000|  0%| F|  |TAMS 0x0000000087a00000, 0x0000000087a00000| Untracked 
|  49|0x0000000087b00000, 0x0000000087b00000, 0x0000000087c00000|  0%| F|  |TAMS 0x0000000087b00000, 0x0000000087b00000| Untracked 
|  50|0x0000000087c00000, 0x0000000087c00000, 0x0000000087d00000|  0%| F|  |TAMS 0x0000000087c00000, 0x0000000087c00000| Untracked 
|  51|0x0000000087d00000, 0x0000000087d00000, 0x0000000087e00000|  0%| F|  |TAMS 0x0000000087d00000, 0x0000000087d00000| Untracked 
|  52|0x0000000087e00000, 0x0000000087e00000, 0x0000000087f00000|  0%| F|  |TAMS 0x0000000087e00000, 0x0000000087e00000| Untracked 
|  53|0x0000000087f00000, 0x0000000087f00000, 0x0000000088000000|  0%| F|  |TAMS 0x0000000087f00000, 0x0000000087f00000| Untracked 
|  54|0x0000000088000000, 0x0000000088000000, 0x0000000088100000|  0%| F|  |TAMS 0x0000000088000000, 0x0000000088000000| Untracked 
|  55|0x0000000088100000, 0x0000000088100000, 0x0000000088200000|  0%| F|  |TAMS 0x0000000088100000, 0x0000000088100000| Untracked 
|  56|0x0000000088200000, 0x0000000088200000, 0x0000000088300000|  0%| F|  |TAMS 0x0000000088200000, 0x0000000088200000| Untracked 
|  57|0x0000000088300000, 0x0000000088300000, 0x0000000088400000|  0%| F|  |TAMS 0x0000000088300000, 0x0000000088300000| Untracked 
|  58|0x0000000088400000, 0x0000000088400000, 0x0000000088500000|  0%| F|  |TAMS 0x0000000088400000, 0x0000000088400000| Untracked 
|  59|0x0000000088500000, 0x0000000088500000, 0x0000000088600000|  0%| F|  |TAMS 0x0000000088500000, 0x0000000088500000| Untracked 
|  60|0x0000000088600000, 0x0000000088600000, 0x0000000088700000|  0%| F|  |TAMS 0x0000000088600000, 0x0000000088600000| Untracked 
|  61|0x0000000088700000, 0x0000000088700000, 0x0000000088800000|  0%| F|  |TAMS 0x0000000088700000, 0x0000000088700000| Untracked 
|  62|0x0000000088800000, 0x0000000088800000, 0x0000000088900000|  0%| F|  |TAMS 0x0000000088800000, 0x0000000088800000| Untracked 
|  63|0x0000000088900000, 0x0000000088900000, 0x0000000088a00000|  0%| F|  |TAMS 0x0000000088900000, 0x0000000088900000| Untracked 
|  64|0x0000000088a00000, 0x0000000088a00000, 0x0000000088b00000|  0%| F|  |TAMS 0x0000000088a00000, 0x0000000088a00000| Untracked 
|  65|0x0000000088b00000, 0x0000000088b00000, 0x0000000088c00000|  0%| F|  |TAMS 0x0000000088b00000, 0x0000000088b00000| Untracked 
|  66|0x0000000088c00000, 0x0000000088c00000, 0x0000000088d00000|  0%| F|  |TAMS 0x0000000088c00000, 0x0000000088c00000| Untracked 
|  67|0x0000000088d00000, 0x0000000088d00000, 0x0000000088e00000|  0%| F|  |TAMS 0x0000000088d00000, 0x0000000088d00000| Untracked 
|  68|0x0000000088e00000, 0x0000000088e00000, 0x0000000088f00000|  0%| F|  |TAMS 0x0000000088e00000, 0x0000000088e00000| Untracked 
|  69|0x0000000088f00000, 0x0000000088f00000, 0x0000000089000000|  0%| F|  |TAMS 0x0000000088f00000, 0x0000000088f00000| Untracked 
|  70|0x0000000089000000, 0x0000000089000000, 0x0000000089100000|  0%| F|  |TAMS 0x0000000089000000, 0x0000000089000000| Untracked 
|  71|0x0000000089100000, 0x0000000089100000, 0x0000000089200000|  0%| F|  |TAMS 0x0000000089100000, 0x0000000089100000| Untracked 
|  72|0x0000000089200000, 0x0000000089200000, 0x0000000089300000|  0%| F|  |TAMS 0x0000000089200000, 0x0000000089200000| Untracked 
|  73|0x0000000089300000, 0x0000000089300000, 0x0000000089400000|  0%| F|  |TAMS 0x0000000089300000, 0x0000000089300000| Untracked 
|  74|0x0000000089400000, 0x0000000089400000, 0x0000000089500000|  0%| F|  |TAMS 0x0000000089400000, 0x0000000089400000| Untracked 
|  75|0x0000000089500000, 0x0000000089500000, 0x0000000089600000|  0%| F|  |TAMS 0x0000000089500000, 0x0000000089500000| Untracked 
|  76|0x0000000089600000, 0x0000000089600000, 0x0000000089700000|  0%| F|  |TAMS 0x0000000089600000, 0x0000000089600000| Untracked 
|  77|0x0000000089700000, 0x0000000089700000, 0x0000000089800000|  0%| F|  |TAMS 0x0000000089700000, 0x0000000089700000| Untracked 
|  78|0x0000000089800000, 0x0000000089800000, 0x0000000089900000|  0%| F|  |TAMS 0x0000000089800000, 0x0000000089800000| Untracked 
|  79|0x0000000089900000, 0x0000000089900000, 0x0000000089a00000|  0%| F|  |TAMS 0x0000000089900000, 0x0000000089900000| Untracked 
|  80|0x0000000089a00000, 0x0000000089a00000, 0x0000000089b00000|  0%| F|  |TAMS 0x0000000089a00000, 0x0000000089a00000| Untracked 
|  81|0x0000000089b00000, 0x0000000089b00000, 0x0000000089c00000|  0%| F|  |TAMS 0x0000000089b00000, 0x0000000089b00000| Untracked 
|  82|0x0000000089c00000, 0x0000000089c00000, 0x0000000089d00000|  0%| F|  |TAMS 0x0000000089c00000, 0x0000000089c00000| Untracked 
|  83|0x0000000089d00000, 0x0000000089d00000, 0x0000000089e00000|  0%| F|  |TAMS 0x0000000089d00000, 0x0000000089d00000| Untracked 
|  84|0x0000000089e00000, 0x0000000089e00000, 0x0000000089f00000|  0%| F|  |TAMS 0x0000000089e00000, 0x0000000089e00000| Untracked 
|  85|0x0000000089f00000, 0x0000000089f00000, 0x000000008a000000|  0%| F|  |TAMS 0x0000000089f00000, 0x0000000089f00000| Untracked 
|  86|0x000000008a000000, 0x000000008a000000, 0x000000008a100000|  0%| F|  |TAMS 0x000000008a000000, 0x000000008a000000| Untracked 
|  87|0x000000008a100000, 0x000000008a100000, 0x000000008a200000|  0%| F|  |TAMS 0x000000008a100000, 0x000000008a100000| Untracked 
|  88|0x000000008a200000, 0x000000008a200000, 0x000000008a300000|  0%| F|  |TAMS 0x000000008a200000, 0x000000008a200000| Untracked 
|  89|0x000000008a300000, 0x000000008a300000, 0x000000008a400000|  0%| F|  |TAMS 0x000000008a300000, 0x000000008a300000| Untracked 
|  90|0x000000008a400000, 0x000000008a400000, 0x000000008a500000|  0%| F|  |TAMS 0x000000008a400000, 0x000000008a400000| Untracked 
|  91|0x000000008a500000, 0x000000008a500000, 0x000000008a600000|  0%| F|  |TAMS 0x000000008a500000, 0x000000008a500000| Untracked 
|  92|0x000000008a600000, 0x000000008a600000, 0x000000008a700000|  0%| F|  |TAMS 0x000000008a600000, 0x000000008a600000| Untracked 
|  93|0x000000008a700000, 0x000000008a700000, 0x000000008a800000|  0%| F|  |TAMS 0x000000008a700000, 0x000000008a700000| Untracked 
|  94|0x000000008a800000, 0x000000008a800000, 0x000000008a900000|  0%| F|  |TAMS 0x000000008a800000, 0x000000008a800000| Untracked 
|  95|0x000000008a900000, 0x000000008a900000, 0x000000008aa00000|  0%| F|  |TAMS 0x000000008a900000, 0x000000008a900000| Untracked 
|  96|0x000000008aa00000, 0x000000008aa00000, 0x000000008ab00000|  0%| F|  |TAMS 0x000000008aa00000, 0x000000008aa00000| Untracked 
|  97|0x000000008ab00000, 0x000000008ab00000, 0x000000008ac00000|  0%| F|  |TAMS 0x000000008ab00000, 0x000000008ab00000| Untracked 
|  98|0x000000008ac00000, 0x000000008ac00000, 0x000000008ad00000|  0%| F|  |TAMS 0x000000008ac00000, 0x000000008ac00000| Untracked 
|  99|0x000000008ad00000, 0x000000008ad00000, 0x000000008ae00000|  0%| F|  |TAMS 0x000000008ad00000, 0x000000008ad00000| Untracked 
| 100|0x000000008ae00000, 0x000000008ae00000, 0x000000008af00000|  0%| F|  |TAMS 0x000000008ae00000, 0x000000008ae00000| Untracked 
| 101|0x000000008af00000, 0x000000008afc7fe0, 0x000000008b000000| 78%| S|CS|TAMS 0x000000008af00000, 0x000000008af00000| Complete 
| 102|0x000000008b000000, 0x000000008b100000, 0x000000008b100000|100%| S|CS|TAMS 0x000000008b000000, 0x000000008b000000| Complete 
| 103|0x000000008b100000, 0x000000008b100000, 0x000000008b200000|  0%| F|  |TAMS 0x000000008b100000, 0x000000008b100000| Untracked 
| 104|0x000000008b200000, 0x000000008b200000, 0x000000008b300000|  0%| F|  |TAMS 0x000000008b200000, 0x000000008b200000| Untracked 
| 105|0x000000008b300000, 0x000000008b300000, 0x000000008b400000|  0%| F|  |TAMS 0x000000008b300000, 0x000000008b300000| Untracked 
| 106|0x000000008b400000, 0x000000008b400000, 0x000000008b500000|  0%| F|  |TAMS 0x000000008b400000, 0x000000008b400000| Untracked 
| 107|0x000000008b500000, 0x000000008b500000, 0x000000008b600000|  0%| F|  |TAMS 0x000000008b500000, 0x000000008b500000| Untracked 
| 108|0x000000008b600000, 0x000000008b600000, 0x000000008b700000|  0%| F|  |TAMS 0x000000008b600000, 0x000000008b600000| Untracked 
| 109|0x000000008b700000, 0x000000008b700000, 0x000000008b800000|  0%| F|  |TAMS 0x000000008b700000, 0x000000008b700000| Untracked 
| 110|0x000000008b800000, 0x000000008b800000, 0x000000008b900000|  0%| F|  |TAMS 0x000000008b800000, 0x000000008b800000| Untracked 
| 111|0x000000008b900000, 0x000000008b900000, 0x000000008ba00000|  0%| F|  |TAMS 0x000000008b900000, 0x000000008b900000| Untracked 
| 112|0x000000008ba00000, 0x000000008ba00000, 0x000000008bb00000|  0%| F|  |TAMS 0x000000008ba00000, 0x000000008ba00000| Untracked 
| 113|0x000000008bb00000, 0x000000008bb00000, 0x000000008bc00000|  0%| F|  |TAMS 0x000000008bb00000, 0x000000008bb00000| Untracked 
| 114|0x000000008bc00000, 0x000000008bc80800, 0x000000008bd00000| 50%| E|  |TAMS 0x000000008bc00000, 0x000000008bc00000| Complete 
| 115|0x000000008bd00000, 0x000000008be00000, 0x000000008be00000|100%| E|CS|TAMS 0x000000008bd00000, 0x000000008bd00000| Complete 
| 116|0x000000008be00000, 0x000000008bf00000, 0x000000008bf00000|100%| E|CS|TAMS 0x000000008be00000, 0x000000008be00000| Complete 
| 117|0x000000008bf00000, 0x000000008c000000, 0x000000008c000000|100%| E|CS|TAMS 0x000000008bf00000, 0x000000008bf00000| Complete 
| 118|0x000000008c000000, 0x000000008c100000, 0x000000008c100000|100%| E|CS|TAMS 0x000000008c000000, 0x000000008c000000| Complete 
| 119|0x000000008c100000, 0x000000008c200000, 0x000000008c200000|100%| E|CS|TAMS 0x000000008c100000, 0x000000008c100000| Complete 
| 120|0x000000008c200000, 0x000000008c300000, 0x000000008c300000|100%| E|CS|TAMS 0x000000008c200000, 0x000000008c200000| Complete 
| 121|0x000000008c300000, 0x000000008c400000, 0x000000008c400000|100%| E|CS|TAMS 0x000000008c300000, 0x000000008c300000| Complete 
| 122|0x000000008c400000, 0x000000008c500000, 0x000000008c500000|100%| E|CS|TAMS 0x000000008c400000, 0x000000008c400000| Complete 
| 123|0x000000008c500000, 0x000000008c600000, 0x000000008c600000|100%| E|CS|TAMS 0x000000008c500000, 0x000000008c500000| Complete 

Card table byte_map: [0x0000020b3d5d0000,0x0000020b3d9b0000] _byte_map_base: 0x0000020b3d1ab000

Marking Bits (Prev, Next): (CMBitMap*) 0x0000020b266b9700, (CMBitMap*) 0x0000020b266b9740
 Prev Bits: [0x0000020b3dd90000, 0x0000020b3fc68000)
 Next Bits: [0x0000020b3fc70000, 0x0000020b41b48000)

Polling page: 0x0000020b25e30000

Metaspace:

Usage:
  Non-class:     11.22 MB used.
      Class:      1.51 MB used.
       Both:     12.73 MB used.

Virtual space:
  Non-class space:       16.00 MB reserved,      11.38 MB ( 71%) committed,  2 nodes.
      Class space:        1.00 GB reserved,       1.62 MB ( <1%) committed,  1 nodes.
             Both:        1.02 GB reserved,      13.00 MB (  1%) committed. 

Chunk freelists:
   Non-Class:  160.00 KB
       Class:  2.41 MB
        Both:  2.56 MB

MaxMetaspaceSize: unlimited
CompressedClassSpaceSize: 1.00 GB
Initial GC threshold: 21.00 MB
Current GC threshold: 21.00 MB
CDS: on
MetaspaceReclaimPolicy: balanced
 - commit_granule_bytes: 65536.
 - commit_granule_words: 8192.
 - virtual_space_node_default_size: 1048576.
 - enlarge_chunks_in_place: 1.
 - new_chunks_are_fully_committed: 0.
 - uncommit_free_chunks: 1.
 - use_allocation_guard: 0.
 - handle_deallocations: 1.


Internal statistics:

num_allocs_failed_limit: 0.
num_arena_births: 138.
num_arena_deaths: 0.
num_vsnodes_births: 3.
num_vsnodes_deaths: 0.
num_space_committed: 208.
num_space_uncommitted: 0.
num_chunks_returned_to_freelist: 0.
num_chunks_taken_from_freelist: 504.
num_chunk_merges: 0.
num_chunk_splits: 344.
num_chunks_enlarged: 268.
num_purges: 0.
num_inconsistent_stats: 0.

CodeHeap 'non-profiled nmethods': size=120000Kb used=712Kb max_used=712Kb free=119287Kb
 bounds [0x0000020b35980000, 0x0000020b35bf0000, 0x0000020b3ceb0000]
CodeHeap 'profiled nmethods': size=120000Kb used=3820Kb max_used=3820Kb free=116179Kb
 bounds [0x0000020b2e450000, 0x0000020b2e810000, 0x0000020b35980000]
CodeHeap 'non-nmethods': size=5760Kb used=1207Kb max_used=1223Kb free=4552Kb
 bounds [0x0000020b2deb0000, 0x0000020b2e120000, 0x0000020b2e450000]
 total_blobs=2431 nmethods=1939 adapters=404
 compilation: enabled
              stopped_count=0, restarted_count=0
 full_count=0

Compilation events (20 events):
Event: 2.568 Thread 0x0000020b44573420 1925       3       sun.security.util.CurveDB::bi (11 bytes)
Event: 2.568 Thread 0x0000020b44573420 nmethod 1925 0x0000020b2e806f90 code [0x0000020b2e807140, 0x0000020b2e807308]
Event: 2.568 Thread 0x0000020b44573420 1928       3       sun.security.util.ObjectIdentifier::pack7Oid (84 bytes)
Event: 2.569 Thread 0x0000020b44573420 nmethod 1928 0x0000020b2e807410 code [0x0000020b2e8075e0, 0x0000020b2e807938]
Event: 2.569 Thread 0x0000020b44573420 1930       3       java.math.BigInteger::trustedStripLeadingZeroInts (37 bytes)
Event: 2.569 Thread 0x0000020b44573420 nmethod 1930 0x0000020b2e807b10 code [0x0000020b2e807cc0, 0x0000020b2e807f28]
Event: 2.569 Thread 0x0000020b44573420 1927       3       sun.security.util.ObjectIdentifier::pack7Oid (42 bytes)
Event: 2.569 Thread 0x0000020b44573420 nmethod 1927 0x0000020b2e808010 code [0x0000020b2e8081c0, 0x0000020b2e8083c8]
Event: 2.569 Thread 0x0000020b44573420 1929       1       java.math.BigInteger::signum (5 bytes)
Event: 2.569 Thread 0x0000020b44573420 nmethod 1929 0x0000020b35a2e890 code [0x0000020b35a2ea20, 0x0000020b35a2eaf8]
Event: 2.569 Thread 0x0000020b44573420 1931       3       java.security.Provider$ServiceKey::hashCode (19 bytes)
Event: 2.570 Thread 0x0000020b44573420 nmethod 1931 0x0000020b2e808490 code [0x0000020b2e808640, 0x0000020b2e8087d8]
Event: 2.570 Thread 0x0000020b44573420 1932       1       java.security.Provider$UString::toString (5 bytes)
Event: 2.570 Thread 0x0000020b44573420 nmethod 1932 0x0000020b35a2eb90 code [0x0000020b35a2ed20, 0x0000020b35a2edf8]
Event: 2.570 Thread 0x0000020b44573420 1934       1       java.security.Provider$Service::getProvider (5 bytes)
Event: 2.570 Thread 0x0000020b44573420 nmethod 1934 0x0000020b35a2ee90 code [0x0000020b35a2f020, 0x0000020b35a2f0f8]
Event: 2.570 Thread 0x0000020b44573420 1935       1       java.security.Provider$Service::getClassName (5 bytes)
Event: 2.570 Thread 0x0000020b44573420 nmethod 1935 0x0000020b35a2f190 code [0x0000020b35a2f320, 0x0000020b35a2f3f8]
Event: 2.570 Thread 0x0000020b44573420 1933       1       sun.security.util.KnownOIDs::aliases (5 bytes)
Event: 2.570 Thread 0x0000020b44573420 nmethod 1933 0x0000020b35a2f490 code [0x0000020b35a2f620, 0x0000020b35a2f6f8]

GC Heap History (4 events):
Event: 1.336 GC heap before
{Heap before GC invocations=0 (full 0):
 garbage-first heap   total 126976K, used 24576K [0x0000000084a00000, 0x0000000100000000)
  region size 1024K, 23 young (23552K), 0 survivors (0K)
 Metaspace       used 4553K, committed 4672K, reserved 1056768K
  class space    used 532K, committed 576K, reserved 1048576K
}
Event: 1.346 GC heap after
{Heap after GC invocations=1 (full 0):
 garbage-first heap   total 126976K, used 9440K [0x0000000084a00000, 0x0000000100000000)
  region size 1024K, 3 young (3072K), 3 survivors (3072K)
 Metaspace       used 4553K, committed 4672K, reserved 1056768K
  class space    used 532K, committed 576K, reserved 1048576K
}
Event: 2.102 GC heap before
{Heap before GC invocations=1 (full 0):
 garbage-first heap   total 126976K, used 29920K [0x0000000084a00000, 0x0000000100000000)
  region size 1024K, 24 young (24576K), 3 survivors (3072K)
 Metaspace       used 9877K, committed 10048K, reserved 1064960K
  class space    used 1149K, committed 1216K, reserved 1048576K
}
Event: 2.110 GC heap after
{Heap after GC invocations=2 (full 0):
 garbage-first heap   total 126976K, used 11615K [0x0000000084a00000, 0x0000000100000000)
  region size 1024K, 2 young (2048K), 2 survivors (2048K)
 Metaspace       used 9877K, committed 10048K, reserved 1064960K
  class space    used 1149K, committed 1216K, reserved 1048576K
}

Deoptimization events (20 events):
Event: 1.842 Thread 0x0000020b2667ee20 DEOPT PACKING pc=0x0000020b359fdfb4 sp=0x00000018b0efcd50
Event: 1.842 Thread 0x0000020b2667ee20 DEOPT UNPACKING pc=0x0000020b2df05c23 sp=0x00000018b0efccd8 mode 2
Event: 1.852 Thread 0x0000020b2667ee20 Uncommon trap: trap_request=0xffffff45 fr.pc=0x0000020b359e0098 relative=0x0000000000000178
Event: 1.852 Thread 0x0000020b2667ee20 Uncommon trap: reason=unstable_if action=reinterpret pc=0x0000020b359e0098 method=java.lang.invoke.VarHandle.checkExactAccessMode(Ljava/lang/invoke/VarHandle$AccessDescriptor;)V @ 4 c2
Event: 1.852 Thread 0x0000020b2667ee20 DEOPT PACKING pc=0x0000020b359e0098 sp=0x00000018b0efeaf0
Event: 1.852 Thread 0x0000020b2667ee20 DEOPT UNPACKING pc=0x0000020b2df05c23 sp=0x00000018b0efead0 mode 2
Event: 1.876 Thread 0x0000020b2667ee20 Uncommon trap: trap_request=0xffffff45 fr.pc=0x0000020b359ef088 relative=0x0000000000000ee8
Event: 1.876 Thread 0x0000020b2667ee20 Uncommon trap: reason=unstable_if action=reinterpret pc=0x0000020b359ef088 method=java.util.concurrent.ConcurrentHashMap.putVal(Ljava/lang/Object;Ljava/lang/Object;Z)Ljava/lang/Object; @ 231 c2
Event: 1.876 Thread 0x0000020b2667ee20 DEOPT PACKING pc=0x0000020b359ef088 sp=0x00000018b0efe8a0
Event: 1.876 Thread 0x0000020b2667ee20 DEOPT UNPACKING pc=0x0000020b2df05c23 sp=0x00000018b0efe810 mode 2
Event: 2.116 Thread 0x0000020b2667ee20 Uncommon trap: trap_request=0xffffff45 fr.pc=0x0000020b359ec930 relative=0x0000000000000170
Event: 2.116 Thread 0x0000020b2667ee20 Uncommon trap: reason=unstable_if action=reinterpret pc=0x0000020b359ec930 method=java.util.concurrent.ConcurrentHashMap.addCount(JI)V @ 121 c2
Event: 2.116 Thread 0x0000020b2667ee20 DEOPT PACKING pc=0x0000020b359ec930 sp=0x00000018b0efd310
Event: 2.116 Thread 0x0000020b2667ee20 DEOPT UNPACKING pc=0x0000020b2df05c23 sp=0x00000018b0efd270 mode 2
Event: 2.168 Thread 0x0000020b2667ee20 DEOPT PACKING pc=0x0000020b2e6c1fb8 sp=0x00000018b0efcc70
Event: 2.168 Thread 0x0000020b2667ee20 DEOPT UNPACKING pc=0x0000020b2df06763 sp=0x00000018b0efc188 mode 0
Event: 2.383 Thread 0x0000020b2667ee20 Uncommon trap: trap_request=0xffffff45 fr.pc=0x0000020b359e5530 relative=0x0000000000000a10
Event: 2.383 Thread 0x0000020b2667ee20 Uncommon trap: reason=unstable_if action=reinterpret pc=0x0000020b359e5530 method=java.util.HashMap.hash(Ljava/lang/Object;)I @ 1 c2
Event: 2.383 Thread 0x0000020b2667ee20 DEOPT PACKING pc=0x0000020b359e5530 sp=0x00000018b0efd2a0
Event: 2.383 Thread 0x0000020b2667ee20 DEOPT UNPACKING pc=0x0000020b2df05c23 sp=0x00000018b0efd240 mode 2

Classes unloaded (0 events):
No events

Classes redefined (0 events):
No events

Internal exceptions (20 events):
Event: 1.757 Thread 0x0000020b2667ee20 Exception <a 'java/lang/NoSuchMethodError'{0x000000008b779eb0}: 'void java.lang.invoke.DirectMethodHandle$Holder.invokeVirtual(java.lang.Object, java.lang.Object, java.lang.Object, java.lang.Object)'> (0x000000008b779eb0) 
thrown [t:\workspace\open\src\hotspot\share\interpreter\linkResolver.cpp, line 766]
Event: 1.763 Thread 0x0000020b2667ee20 Exception <a 'sun/nio/fs/WindowsException'{0x000000008b798840}> (0x000000008b798840) 
thrown [t:\workspace\open\src\hotspot\share\prims\jni.cpp, line 516]
Event: 1.768 Thread 0x0000020b2667ee20 Exception <a 'sun/nio/fs/WindowsException'{0x000000008b7a9580}> (0x000000008b7a9580) 
thrown [t:\workspace\open\src\hotspot\share\prims\jni.cpp, line 516]
Event: 1.796 Thread 0x0000020b2667ee20 Exception <a 'java/lang/NoSuchMethodError'{0x000000008b631db0}: 'java.lang.Object java.lang.invoke.DirectMethodHandle$Holder.invokeStatic(java.lang.Object, java.lang.Object, int)'> (0x000000008b631db0) 
thrown [t:\workspace\open\src\hotspot\share\interpreter\linkResolver.cpp, line 766]
Event: 1.798 Thread 0x0000020b2667ee20 Exception <a 'java/lang/NoSuchMethodError'{0x000000008b63daa0}: 'void java.lang.invoke.DelegatingMethodHandle$Holder.delegate(java.lang.Object, java.lang.Object, int, java.lang.Object)'> (0x000000008b63daa0) 
thrown [t:\workspace\open\src\hotspot\share\interpreter\linkResolver.cpp, line 766]
Event: 1.835 Thread 0x0000020b2667ee20 Exception <a 'java/lang/NoSuchMethodError'{0x000000008b6b1e18}: 'int java.lang.invoke.DirectMethodHandle$Holder.invokeSpecialIFC(java.lang.Object, java.lang.Object, java.lang.Object, java.lang.Object)'> (0x000000008b6b1e18) 
thrown [t:\workspace\open\src\hotspot\share\interpreter\linkResolver.cpp, line 766]
Event: 1.895 Thread 0x0000020b2667ee20 Exception <a 'java/lang/NoSuchMethodError'{0x000000008b5ae4e0}: 'void java.lang.invoke.DirectMethodHandle$Holder.invokeVirtual(java.lang.Object, java.lang.Object)'> (0x000000008b5ae4e0) 
thrown [t:\workspace\open\src\hotspot\share\interpreter\linkResolver.cpp, line 766]
Event: 1.929 Thread 0x0000020b2667ee20 Exception <a 'java/lang/NoSuchMethodError'{0x000000008b463f08}: 'void java.lang.invoke.DirectMethodHandle$Holder.invokeSpecial(java.lang.Object, java.lang.Object, java.lang.Object, java.lang.Object, java.lang.Object)'> (0x000000008b463f08) 
thrown [t:\workspace\open\src\hotspot\share\interpreter\linkResolver.cpp, line 766]
Event: 2.123 Thread 0x0000020b2667ee20 Exception <a 'java/lang/NoSuchMethodError'{0x000000008c54d790}: 'int java.lang.invoke.DirectMethodHandle$Holder.invokeVirtual(java.lang.Object, java.lang.Object)'> (0x000000008c54d790) 
thrown [t:\workspace\open\src\hotspot\share\interpreter\linkResolver.cpp, line 766]
Event: 2.131 Thread 0x0000020b2667ee20 Exception <a 'java/lang/IncompatibleClassChangeError'{0x000000008c57e4a8}: Found class java.lang.Object, but interface was expected> (0x000000008c57e4a8) 
thrown [t:\workspace\open\src\hotspot\share\interpreter\linkResolver.cpp, line 833]
Event: 2.141 Thread 0x0000020b2667ee20 Exception <a 'sun/nio/fs/WindowsException'{0x000000008c4068e0}> (0x000000008c4068e0) 
thrown [t:\workspace\open\src\hotspot\share\prims\jni.cpp, line 516]
Event: 2.301 Thread 0x0000020b2667ee20 Exception <a 'java/lang/NoSuchMethodError'{0x000000008c169638}: 'java.lang.Object java.lang.invoke.DirectMethodHandle$Holder.invokeStaticInit(java.lang.Object, java.lang.Object, java.lang.Object, int)'> (0x000000008c169638) 
thrown [t:\workspace\open\src\hotspot\share\interpreter\linkResolver.cpp, line 766]
Event: 2.304 Thread 0x0000020b2667ee20 Exception <a 'java/lang/NoSuchMethodError'{0x000000008c178940}: 'java.lang.Object java.lang.invoke.DirectMethodHandle$Holder.invokeStatic(java.lang.Object, java.lang.Object, java.lang.Object, java.lang.Object, java.lang.Object, java.lang.Object, java.lang.Object, int)'> (0x000000008c178940) 
thrown [t:\workspace\open\src\hotspot\share\interpreter\linkResolver.cpp, line 766]
Event: 2.304 Thread 0x0000020b2667ee20 Exception <a 'java/lang/NoSuchMethodError'{0x000000008c17d4b8}: 'java.lang.Object java.lang.invoke.DirectMethodHandle$Holder.invokeStaticInit(java.lang.Object, java.lang.Object, java.lang.Object, java.lang.Object, java.lang.Object, java.lang.Object, java.lang.Object, int)'> (0x000000008c17d4b8) 
thrown [t:\workspace\open\src\hotspot\share\interpreter\linkResolver.cpp, line 766]
Event: 2.317 Thread 0x0000020b2667ee20 Exception <a 'java/lang/NoSuchMethodError'{0x000000008c1c9d88}: 'java.lang.Object java.lang.invoke.DirectMethodHandle$Holder.invokeSpecial(java.lang.Object, java.lang.Object, java.lang.Object, int, java.lang.Object)'> (0x000000008c1c9d88) 
thrown [t:\workspace\open\src\hotspot\share\interpreter\linkResolver.cpp, line 766]
Event: 2.318 Thread 0x0000020b2667ee20 Exception <a 'java/lang/NoSuchMethodError'{0x000000008c1d1528}: 'java.lang.Object java.lang.invoke.DirectMethodHandle$Holder.newInvokeSpecial(java.lang.Object, java.lang.Object, java.lang.Object, int)'> (0x000000008c1d1528) 
thrown [t:\workspace\open\src\hotspot\share\interpreter\linkResolver.cpp, line 766]
Event: 2.319 Thread 0x0000020b2667ee20 Exception <a 'java/lang/NoSuchMethodError'{0x000000008c1d5728}: 'java.lang.Object java.lang.invoke.DirectMethodHandle$Holder.invokeSpecial(java.lang.Object, java.lang.Object, java.lang.Object, java.lang.Object, int)'> (0x000000008c1d5728) 
thrown [t:\workspace\open\src\hotspot\share\interpreter\linkResolver.cpp, line 766]
Event: 2.319 Thread 0x0000020b2667ee20 Exception <a 'java/lang/NoSuchMethodError'{0x000000008c1d92f0}: 'java.lang.Object java.lang.invoke.Invokers$Holder.linkToTargetMethod(java.lang.Object, java.lang.Object, int, java.lang.Object)'> (0x000000008c1d92f0) 
thrown [t:\workspace\open\src\hotspot\share\interpreter\linkResolver.cpp, line 766]
Event: 2.383 Thread 0x0000020b2667ee20 Implicit null exception at 0x0000020b359e4b5e to 0x0000020b359e5514
Event: 2.473 Thread 0x0000020b2667ee20 Exception <a 'java/lang/NoSuchMethodError'{0x000000008beb5150}: 'int java.lang.invoke.DirectMethodHandle$Holder.invokeStatic(java.lang.Object, java.lang.Object, int)'> (0x000000008beb5150) 
thrown [t:\workspace\open\src\hotspot\share\interpreter\linkResolver.cpp, line 766]

VM Operations (20 events):
Event: 1.307 Executing VM operation: HandshakeAllThreads
Event: 1.318 Executing VM operation: HandshakeAllThreads done
Event: 1.336 Executing VM operation: G1CollectForAllocation
Event: 1.346 Executing VM operation: G1CollectForAllocation done
Event: 1.495 Executing VM operation: HandshakeAllThreads
Event: 1.495 Executing VM operation: HandshakeAllThreads done
Event: 1.796 Executing VM operation: HandshakeAllThreads
Event: 1.796 Executing VM operation: HandshakeAllThreads done
Event: 1.959 Executing VM operation: HandshakeAllThreads
Event: 1.959 Executing VM operation: HandshakeAllThreads done
Event: 2.102 Executing VM operation: G1CollectForAllocation
Event: 2.110 Executing VM operation: G1CollectForAllocation done
Event: 2.185 Executing VM operation: HandshakeAllThreads
Event: 2.185 Executing VM operation: HandshakeAllThreads done
Event: 2.424 Executing VM operation: HandshakeAllThreads
Event: 2.424 Executing VM operation: HandshakeAllThreads done
Event: 2.439 Executing VM operation: HandshakeAllThreads
Event: 2.439 Executing VM operation: HandshakeAllThreads done
Event: 2.556 Executing VM operation: HandshakeAllThreads
Event: 2.556 Executing VM operation: HandshakeAllThreads done

Events (20 events):
Event: 2.574 loading class sun/security/ssl/TrustStoreManager$TrustStoreDescriptor
Event: 2.574 loading class sun/security/ssl/TrustStoreManager$TrustStoreDescriptor done
Event: 2.574 loading class sun/security/util/FilePaths
Event: 2.574 loading class sun/security/util/FilePaths done
Event: 2.574 loading class sun/security/ssl/TrustStoreManager$TrustStoreDescriptor$1
Event: 2.574 loading class sun/security/ssl/TrustStoreManager$TrustStoreDescriptor$1 done
Event: 2.575 loading class sun/security/ssl/SSLLogger
Event: 2.576 loading class sun/security/ssl/SSLLogger done
Event: 2.577 loading class java/security/KeyStoreSpi
Event: 2.578 loading class java/security/KeyStoreSpi done
Event: 2.578 loading class sun/security/pkcs12/PKCS12KeyStore$DualFormatPKCS12
Event: 2.578 loading class sun/security/util/KeyStoreDelegator
Event: 2.579 loading class sun/security/util/KeyStoreDelegator done
Event: 2.579 loading class sun/security/pkcs12/PKCS12KeyStore$DualFormatPKCS12 done
Event: 2.579 loading class sun/security/pkcs12/PKCS12KeyStore
Event: 2.582 loading class sun/security/pkcs12/PKCS12KeyStore done
Event: 2.582 loading class sun/security/provider/JavaKeyStore$JKS
Event: 2.583 loading class sun/security/provider/JavaKeyStore
Event: 2.584 loading class sun/security/provider/JavaKeyStore done
Event: 2.584 loading class sun/security/provider/JavaKeyStore$JKS done


Dynamic libraries:
0x00007ff64cae0000 - 0x00007ff64caf0000 	C:\Program Files\Java\jdk-17.0.2\bin\java.exe
0x00007ff94f6f0000 - 0x00007ff94f907000 	C:\WINDOWS\SYSTEM32\ntdll.dll
0x00007ff94f0c0000 - 0x00007ff94f184000 	C:\WINDOWS\System32\KERNEL32.DLL
0x00007ff94cc40000 - 0x00007ff94cfed000 	C:\WINDOWS\System32\KERNELBASE.dll
0x00007ff94d2a0000 - 0x00007ff94d3b1000 	C:\WINDOWS\System32\ucrtbase.dll
0x00007ff932a60000 - 0x00007ff932a78000 	C:\Program Files\Java\jdk-17.0.2\bin\jli.dll
0x00007ff94ee50000 - 0x00007ff94ef02000 	C:\WINDOWS\System32\ADVAPI32.dll
0x00007ff93f790000 - 0x00007ff93f7aa000 	C:\Program Files\Java\jdk-17.0.2\bin\VCRUNTIME140.dll
0x00007ff94f270000 - 0x00007ff94f317000 	C:\WINDOWS\System32\msvcrt.dll
0x00007ff94e8a0000 - 0x00007ff94e949000 	C:\WINDOWS\System32\sechost.dll
0x00007ff94d3f0000 - 0x00007ff94d418000 	C:\WINDOWS\System32\bcrypt.dll
0x00007ff94e9d0000 - 0x00007ff94eae4000 	C:\WINDOWS\System32\RPCRT4.dll
0x00007ff94e6f0000 - 0x00007ff94e89e000 	C:\WINDOWS\System32\USER32.dll
0x00007ff94d3c0000 - 0x00007ff94d3e6000 	C:\WINDOWS\System32\win32u.dll
0x00007ff94dca0000 - 0x00007ff94dcc9000 	C:\WINDOWS\System32\GDI32.dll
0x00007ff94d060000 - 0x00007ff94d179000 	C:\WINDOWS\System32\gdi32full.dll
0x00007ff932740000 - 0x00007ff9329d3000 	C:\WINDOWS\WinSxS\amd64_microsoft.windows.common-controls_6595b64144ccf1df_6.0.22621.3672_none_2713b9d173822955\COMCTL32.dll
0x00007ff94d200000 - 0x00007ff94d29a000 	C:\WINDOWS\System32\msvcp_win.dll
0x00007ff940aa0000 - 0x00007ff940aaa000 	C:\WINDOWS\SYSTEM32\VERSION.dll
0x00007ff94e6b0000 - 0x00007ff94e6e1000 	C:\WINDOWS\System32\IMM32.DLL
0x00007ff942360000 - 0x00007ff94236c000 	C:\Program Files\Java\jdk-17.0.2\bin\vcruntime140_1.dll
0x00007ff8f2950000 - 0x00007ff8f29dd000 	C:\Program Files\Java\jdk-17.0.2\bin\msvcp140.dll
0x00007ff8aae20000 - 0x00007ff8ab9e1000 	C:\Program Files\Java\jdk-17.0.2\bin\server\jvm.dll
0x00007ff94e680000 - 0x00007ff94e688000 	C:\WINDOWS\System32\PSAPI.DLL
0x00007ff942310000 - 0x00007ff942319000 	C:\WINDOWS\SYSTEM32\WSOCK32.dll
0x00007ff944b40000 - 0x00007ff944b74000 	C:\WINDOWS\SYSTEM32\WINMM.dll
0x00007ff94edd0000 - 0x00007ff94ee41000 	C:\WINDOWS\System32\WS2_32.dll
0x00007ff94ba60000 - 0x00007ff94ba78000 	C:\WINDOWS\SYSTEM32\kernel.appcore.dll
0x00007ff942330000 - 0x00007ff94233a000 	C:\Program Files\Java\jdk-17.0.2\bin\jimage.dll
0x00007ff94a350000 - 0x00007ff94a582000 	C:\WINDOWS\SYSTEM32\DBGHELP.DLL
0x00007ff94f320000 - 0x00007ff94f6ae000 	C:\WINDOWS\System32\combase.dll
0x00007ff94f190000 - 0x00007ff94f267000 	C:\WINDOWS\System32\OLEAUT32.dll
0x00007ff916430000 - 0x00007ff916462000 	C:\WINDOWS\SYSTEM32\dbgcore.DLL
0x00007ff94d180000 - 0x00007ff94d1fb000 	C:\WINDOWS\System32\bcryptPrimitives.dll
0x00007ff9345f0000 - 0x00007ff9345fe000 	C:\Program Files\Java\jdk-17.0.2\bin\instrument.dll
0x00007ff92cbd0000 - 0x00007ff92cbf5000 	C:\Program Files\Java\jdk-17.0.2\bin\java.dll
0x00007ff8f2870000 - 0x00007ff8f2946000 	C:\Program Files\Java\jdk-17.0.2\bin\jsvml.dll
0x00007ff94d430000 - 0x00007ff94dc97000 	C:\WINDOWS\System32\SHELL32.dll
0x00007ff94a990000 - 0x00007ff94b28f000 	C:\WINDOWS\SYSTEM32\windows.storage.dll
0x00007ff94a850000 - 0x00007ff94a98f000 	C:\WINDOWS\SYSTEM32\wintypes.dll
0x00007ff94eb10000 - 0x00007ff94ec09000 	C:\WINDOWS\System32\SHCORE.dll
0x00007ff94e620000 - 0x00007ff94e67e000 	C:\WINDOWS\System32\shlwapi.dll
0x00007ff94c940000 - 0x00007ff94c967000 	C:\WINDOWS\SYSTEM32\profapi.dll
0x00007ff9276e0000 - 0x00007ff9276f8000 	C:\Program Files\Java\jdk-17.0.2\bin\zip.dll
0x00007ff931fd0000 - 0x00007ff931fe9000 	C:\Program Files\Java\jdk-17.0.2\bin\net.dll
0x00007ff944860000 - 0x00007ff944996000 	C:\WINDOWS\SYSTEM32\WINHTTP.dll
0x00007ff94bed0000 - 0x00007ff94bf39000 	C:\WINDOWS\system32\mswsock.dll
0x00007ff927700000 - 0x00007ff927716000 	C:\Program Files\Java\jdk-17.0.2\bin\nio.dll
0x00007ff910650000 - 0x00007ff91066a000 	C:\Program Files\JetBrains\IntelliJ IDEA Community Edition 2021.3.2\bin\breakgen64.dll
0x00007ff92bd00000 - 0x00007ff92bd10000 	C:\Program Files\Java\jdk-17.0.2\bin\verify.dll
0x00007ff94c130000 - 0x00007ff94c14b000 	C:\WINDOWS\SYSTEM32\CRYPTSP.dll
0x00007ff94b9c0000 - 0x00007ff94b9f5000 	C:\WINDOWS\system32\rsaenh.dll
0x00007ff94bfc0000 - 0x00007ff94bfe8000 	C:\WINDOWS\SYSTEM32\USERENV.dll
0x00007ff94c120000 - 0x00007ff94c12c000 	C:\WINDOWS\SYSTEM32\CRYPTBASE.dll
0x00007ff94b530000 - 0x00007ff94b55d000 	C:\WINDOWS\SYSTEM32\IPHLPAPI.DLL
0x00007ff94e350000 - 0x00007ff94e359000 	C:\WINDOWS\System32\NSI.dll
0x00007ff944b90000 - 0x00007ff944ba9000 	C:\WINDOWS\SYSTEM32\dhcpcsvc6.DLL
0x00007ff944840000 - 0x00007ff94485f000 	C:\WINDOWS\SYSTEM32\dhcpcsvc.DLL
0x00007ff94b5b0000 - 0x00007ff94b6a8000 	C:\WINDOWS\SYSTEM32\DNSAPI.dll
0x00007ff92be60000 - 0x00007ff92be6e000 	C:\Program Files\Java\jdk-17.0.2\bin\sunmscapi.dll
0x00007ff94ca10000 - 0x00007ff94cb76000 	C:\WINDOWS\System32\CRYPT32.dll
0x00007ff94c2e0000 - 0x00007ff94c30e000 	C:\WINDOWS\SYSTEM32\ncrypt.dll
0x00007ff94c2a0000 - 0x00007ff94c2d7000 	C:\WINDOWS\SYSTEM32\NTASN1.dll

dbghelp: loaded successfully - version: 4.0.5 - missing functions: none
symbol engine: initialized successfully - sym options: 0x614 - pdb path: .;C:\Program Files\Java\jdk-17.0.2\bin;C:\WINDOWS\SYSTEM32;C:\WINDOWS\WinSxS\amd64_microsoft.windows.common-controls_6595b64144ccf1df_6.0.22621.3672_none_2713b9d173822955;C:\Program Files\Java\jdk-17.0.2\bin\server;C:\Program Files\JetBrains\IntelliJ IDEA Community Edition 2021.3.2\bin

VM Arguments:
jvm_args: -ea -DnodeNamesHandler=org.jetbrains.plugins.cucumber.java.run.CucumberTestTreeNodeManager -Didea.test.cyclic.buffer.size=1048576 -javaagent:C:\Program Files\JetBrains\IntelliJ IDEA Community Edition 2021.3.2\lib\idea_rt.jar=55471:C:\Program Files\JetBrains\IntelliJ IDEA Community Edition 2021.3.2\bin -Dfile.encoding=UTF-8 
java_command: com.intellij.rt.junit.JUnitStarter -ideVersion5 -junit4 StepDefs.TestRunner
java_class_path (initial): C:\Program Files\JetBrains\IntelliJ IDEA Community Edition 2021.3.2\lib\idea_rt.jar;C:\Program Files\JetBrains\IntelliJ IDEA Community Edition 2021.3.2\plugins\junit\lib\junit5-rt.jar;C:\Program Files\JetBrains\IntelliJ IDEA Community Edition 2021.3.2\plugins\junit\lib\junit-rt.jar;C:\Projects\Sheyi_Ebun_Traning\target\test-classes;C:\Projects\Sheyi_Ebun_Traning\target\classes;C:\Users\samod\.m2\repository\io\cucumber\cucumber-core\7.17.0\cucumber-core-7.17.0.jar;C:\Users\samod\.m2\repository\io\cucumber\cucumber-gherkin\7.17.0\cucumber-gherkin-7.17.0.jar;C:\Users\samod\.m2\repository\io\cucumber\cucumber-gherkin-messages\7.17.0\cucumber-gherkin-messages-7.17.0.jar;C:\Users\samod\.m2\repository\io\cucumber\gherkin\28.0.0\gherkin-28.0.0.jar;C:\Users\samod\.m2\repository\io\cucumber\messages\24.1.0\messages-24.1.0.jar;C:\Users\samod\.m2\repository\io\cucumber\testng-xml-formatter\0.1.0\testng-xml-formatter-0.1.0.jar;C:\Users\samod\.m2\repository\io\cucumber\query\12.2.0\query-12.2.0.jar;C:\Users\samod\.m2\repository\io\cucumber\tag-expressions\6.1.0\tag-expressions-6.1.0.jar;C:\Users\samod\.m2\repository\io\cucumber\cucumber-expressions\17.1.0\cucumber-expressions-17.1.0.jar;C:\Users\samod\.m2\repository\io\cucumber\datatable\7.17.0\datatable-7.17.0.jar;C:\Users\samod\.m2\repository\io\cucumber\cucumber-plugin\7.17.0\cucumber-plugin-7.17.0.jar;C:\Users\samod\.m2\repository\io\cucumber\docstring\7.17.0\docstring-7.17.0.jar;C:\Users\samod\.m2\repository\io\cucumber\html-formatter\21.3.1\html-formatter-21.3.1.jar;C:\Users\samod\.m2\repository\io\cucumber\junit-xml-formatter\0.4.0\junit-xml-formatter-0.4.0.jar;C:\Users\samod\.m2\repository\io\cucumber\ci-environment\10.0.1\ci-environment-10.0.1.jar;C:\Users\samod\.m2\repository\org\apiguardian\apiguardian-api\1.1.2\apiguardian-api-1.1.2.jar;C:\Users\samod\.m2\repository\io\cucumber\cucumber-html\0.2.7\cucumber-html-0.2.7.jar;C:\Users\samod\.m2\repository\io\cucumber\cucumber-java\7.17.0\cucumb
Launcher Type: SUN_STANDARD

[Global flags]
     intx CICompilerCount                          = 4                                         {product} {ergonomic}
     uint ConcGCThreads                            = 2                                         {product} {ergonomic}
     uint G1ConcRefinementThreads                  = 8                                         {product} {ergonomic}
   size_t G1HeapRegionSize                         = 1048576                                   {product} {ergonomic}
    uintx GCDrainStackTargetSize                   = 64                                        {product} {ergonomic}
   size_t InitialHeapSize                          = 130023424                                 {product} {ergonomic}
   size_t MarkStackSize                            = 4194304                                   {product} {ergonomic}
   size_t MaxHeapSize                              = 2069889024                                {product} {ergonomic}
   size_t MaxNewSize                               = 1241513984                                {product} {ergonomic}
   size_t MinHeapDeltaBytes                        = 1048576                                   {product} {ergonomic}
   size_t MinHeapSize                              = 8388608                                   {product} {ergonomic}
    uintx NonNMethodCodeHeapSize                   = 5839372                                {pd product} {ergonomic}
    uintx NonProfiledCodeHeapSize                  = 122909434                              {pd product} {ergonomic}
    uintx ProfiledCodeHeapSize                     = 122909434                              {pd product} {ergonomic}
    uintx ReservedCodeCacheSize                    = 251658240                              {pd product} {ergonomic}
     bool SegmentedCodeCache                       = true                                      {product} {ergonomic}
   size_t SoftMaxHeapSize                          = 2069889024                             {manageable} {ergonomic}
     bool UseCompressedClassPointers               = true                           {product lp64_product} {ergonomic}
     bool UseCompressedOops                        = true                           {product lp64_product} {ergonomic}
     bool UseG1GC                                  = true                                      {product} {ergonomic}
     bool UseLargePagesIndividualAllocation        = false                                  {pd product} {ergonomic}

Logging:
Log output configuration:
 #0: stdout all=warning uptime,level,tags
 #1: stderr all=off uptime,level,tags

Environment Variables:
JAVA_HOME=C:\Program Files\Java\jdk-17.0.2
PATH=C:\Python312\Scripts\;C:\Python312\;C:\Program Files (x86)\VMware\VMware Workstation\bin\;C:\Program Files\Java\jdk-17.0.2\bin;C:\Tools\apache-maven-3.8.4\bin;C:\Program Files\Common Files\Oracle\Java\javapath;C:\WINDOWS\system32;C:\WINDOWS;C:\WINDOWS\System32\Wbem;C:\WINDOWS\System32\WindowsPowerShell\v1.0\;C:\WINDOWS\System32\OpenSSH\;C:\Program Files\Microsoft SQL Server\Client SDK\ODBC\170\Tools\Binn\;C:\Program Files (x86)\Microsoft SQL Server\150\Tools\Binn\;C:\Program Files\Microsoft SQL Server\150\Tools\Binn\;C:\Program Files\Microsoft SQL Server\150\DTS\Binn\;C:\Program Files (x86)\Microsoft SQL Server\150\DTS\Binn\;C:\Program Files\Azure Data Studio\bin;C:\Program Files\Git\cmd;C:\ProgramData\chocolatey\bin;C:\Program Files\nodejs\;C:\Users\samod\AppData\Local\Microsoft\WindowsApps;C:\Program Files\Java\jdk-17.0.2\bin;;C:\Program Files\Azure Data Studio\bin;C:\Users\samod\AppData\Roaming\npm;C:\Users\samod\AppData\Local\Programs\Microsoft VS Code\bin
USERNAME=samod
OS=Windows_NT
PROCESSOR_IDENTIFIER=Intel64 Family 6 Model 140 Stepping 1, GenuineIntel



---------------  S Y S T E M  ---------------

OS:
 Windows 11 , 64 bit Build 22621 (10.0.22621.3958)
OS uptime: 0 days 21:27 hours

CPU: total 8 (initial active 8) (4 cores per cpu, 2 threads per core) family 6 model 140 stepping 1 microcode 0x8a, cx8, cmov, fxsr, ht, mmx, 3dnowpref, sse, sse2, sse3, ssse3, sse4.1, sse4.2, popcnt, lzcnt, tsc, tscinvbit, avx, avx2, aes, erms, clmul, bmi1, bmi2, adx, avx512f, avx512dq, avx512cd, avx512bw, avx512vl, sha, fma, vzeroupper, avx512_vpopcntdq, avx512_vpclmulqdq, avx512_vaes, avx512_vnni, clflush, clflushopt, clwb, avx512_vbmi2, avx512_vbmi

Memory: 4k page, system-wide physical 7888M (449M free)
TotalPageFile size 32464M (AvailPageFile size 2M)
current process WorkingSet (physical memory assigned to process): 107M, peak: 107M
current process commit charge ("private bytes"): 240M, peak: 241M

vm_info: Java HotSpot(TM) 64-Bit Server VM (17.0.2+8-LTS-86) for windows-amd64 JRE (17.0.2+8-LTS-86), built on Dec  7 2021 21:51:03 by "mach5one" with MS VC++ 16.8 / 16.9 (VS2019)

END.
